2014-08-24 11:43:04,993 INFO Starting new HTTPS connection (1): api.github.com
2014-08-24 11:43:05,439 DEBUG "GET /users/achitwadgi3/repos HTTP/1.1" 200 None
2014-08-24 11:43:05,440 INFO Retrive user repo
2014-08-24 11:43:05,440 DEBUG Retrieving user achitwadgi3 repos
2014-08-24 11:43:05,446 DEBUG In main: get repo for argv[1]
2014-08-24 11:55:15,963 INFO Starting new HTTPS connection (1): api.github.com
2014-08-24 11:55:16,423 DEBUG "GET /users/achitwadgi3/repos HTTP/1.1" 200 None
2014-08-24 11:55:16,424 INFO Retrive user repo
2014-08-24 11:55:16,424 DEBUG [{"id":22566642,"name":"fizzbuzz","full_name":"achitwadgi3/fizzbuzz","owner":{"login":"achitwadgi3","id":6528835,"avatar_url":"https://avatars.githubusercontent.com/u/6528835?v=2","gravatar_id":"4e2d276e9337bac0799773b6e590ca0e","url":"https://api.github.com/users/achitwadgi3","html_url":"https://github.com/achitwadgi3","followers_url":"https://api.github.com/users/achitwadgi3/followers","following_url":"https://api.github.com/users/achitwadgi3/following{/other_user}","gists_url":"https://api.github.com/users/achitwadgi3/gists{/gist_id}","starred_url":"https://api.github.com/users/achitwadgi3/starred{/owner}{/repo}","subscriptions_url":"https://api.github.com/users/achitwadgi3/subscriptions","organizations_url":"https://api.github.com/users/achitwadgi3/orgs","repos_url":"https://api.github.com/users/achitwadgi3/repos","events_url":"https://api.github.com/users/achitwadgi3/events{/privacy}","received_events_url":"https://api.github.com/users/achitwadgi3/received_events","type":"User","site_admin":false},"private":false,"html_url":"https://github.com/achitwadgi3/fizzbuzz","description":"","fork":false,"url":"https://api.github.com/repos/achitwadgi3/fizzbuzz","forks_url":"https://api.github.com/repos/achitwadgi3/fizzbuzz/forks","keys_url":"https://api.github.com/repos/achitwadgi3/fizzbuzz/keys{/key_id}","collaborators_url":"https://api.github.com/repos/achitwadgi3/fizzbuzz/collaborators{/collaborator}","teams_url":"https://api.github.com/repos/achitwadgi3/fizzbuzz/teams","hooks_url":"https://api.github.com/repos/achitwadgi3/fizzbuzz/hooks","issue_events_url":"https://api.github.com/repos/achitwadgi3/fizzbuzz/issues/events{/number}","events_url":"https://api.github.com/repos/achitwadgi3/fizzbuzz/events","assignees_url":"https://api.github.com/repos/achitwadgi3/fizzbuzz/assignees{/user}","branches_url":"https://api.github.com/repos/achitwadgi3/fizzbuzz/branches{/branch}","tags_url":"https://api.github.com/repos/achitwadgi3/fizzbuzz/tags","blobs_url":"https://api.github.com/repos/achitwadgi3/fizzbuzz/git/blobs{/sha}","git_tags_url":"https://api.github.com/repos/achitwadgi3/fizzbuzz/git/tags{/sha}","git_refs_url":"https://api.github.com/repos/achitwadgi3/fizzbuzz/git/refs{/sha}","trees_url":"https://api.github.com/repos/achitwadgi3/fizzbuzz/git/trees{/sha}","statuses_url":"https://api.github.com/repos/achitwadgi3/fizzbuzz/statuses/{sha}","languages_url":"https://api.github.com/repos/achitwadgi3/fizzbuzz/languages","stargazers_url":"https://api.github.com/repos/achitwadgi3/fizzbuzz/stargazers","contributors_url":"https://api.github.com/repos/achitwadgi3/fizzbuzz/contributors","subscribers_url":"https://api.github.com/repos/achitwadgi3/fizzbuzz/subscribers","subscription_url":"https://api.github.com/repos/achitwadgi3/fizzbuzz/subscription","commits_url":"https://api.github.com/repos/achitwadgi3/fizzbuzz/commits{/sha}","git_commits_url":"https://api.github.com/repos/achitwadgi3/fizzbuzz/git/commits{/sha}","comments_url":"https://api.github.com/repos/achitwadgi3/fizzbuzz/comments{/number}","issue_comment_url":"https://api.github.com/repos/achitwadgi3/fizzbuzz/issues/comments/{number}","contents_url":"https://api.github.com/repos/achitwadgi3/fizzbuzz/contents/{+path}","compare_url":"https://api.github.com/repos/achitwadgi3/fizzbuzz/compare/{base}...{head}","merges_url":"https://api.github.com/repos/achitwadgi3/fizzbuzz/merges","archive_url":"https://api.github.com/repos/achitwadgi3/fizzbuzz/{archive_format}{/ref}","downloads_url":"https://api.github.com/repos/achitwadgi3/fizzbuzz/downloads","issues_url":"https://api.github.com/repos/achitwadgi3/fizzbuzz/issues{/number}","pulls_url":"https://api.github.com/repos/achitwadgi3/fizzbuzz/pulls{/number}","milestones_url":"https://api.github.com/repos/achitwadgi3/fizzbuzz/milestones{/number}","notifications_url":"https://api.github.com/repos/achitwadgi3/fizzbuzz/notifications{?since,all,participating}","labels_url":"https://api.github.com/repos/achitwadgi3/fizzbuzz/labels{/name}","releases_url":"https://api.github.com/repos/achitwadgi3/fizzbuzz/releases{/id}","created_at":"2014-08-03T03:50:57Z","updated_at":"2014-08-03T03:53:23Z","pushed_at":"2014-08-03T04:57:50Z","git_url":"git://github.com/achitwadgi3/fizzbuzz.git","ssh_url":"git@github.com:achitwadgi3/fizzbuzz.git","clone_url":"https://github.com/achitwadgi3/fizzbuzz.git","svn_url":"https://github.com/achitwadgi3/fizzbuzz","homepage":null,"size":140,"stargazers_count":0,"watchers_count":0,"language":"Python","has_issues":true,"has_downloads":true,"has_wiki":true,"forks_count":0,"mirror_url":null,"open_issues_count":0,"forks":0,"open_issues":0,"watchers":0,"default_branch":"master","permissions":{"admin":true,"push":true,"pull":true}},{"id":23050986,"name":"snippets","full_name":"achitwadgi3/snippets","owner":{"login":"achitwadgi3","id":6528835,"avatar_url":"https://avatars.githubusercontent.com/u/6528835?v=2","gravatar_id":"4e2d276e9337bac0799773b6e590ca0e","url":"https://api.github.com/users/achitwadgi3","html_url":"https://github.com/achitwadgi3","followers_url":"https://api.github.com/users/achitwadgi3/followers","following_url":"https://api.github.com/users/achitwadgi3/following{/other_user}","gists_url":"https://api.github.com/users/achitwadgi3/gists{/gist_id}","starred_url":"https://api.github.com/users/achitwadgi3/starred{/owner}{/repo}","subscriptions_url":"https://api.github.com/users/achitwadgi3/subscriptions","organizations_url":"https://api.github.com/users/achitwadgi3/orgs","repos_url":"https://api.github.com/users/achitwadgi3/repos","events_url":"https://api.github.com/users/achitwadgi3/events{/privacy}","received_events_url":"https://api.github.com/users/achitwadgi3/received_events","type":"User","site_admin":false},"private":false,"html_url":"https://github.com/achitwadgi3/snippets","description":"","fork":false,"url":"https://api.github.com/repos/achitwadgi3/snippets","forks_url":"https://api.github.com/repos/achitwadgi3/snippets/forks","keys_url":"https://api.github.com/repos/achitwadgi3/snippets/keys{/key_id}","collaborators_url":"https://api.github.com/repos/achitwadgi3/snippets/collaborators{/collaborator}","teams_url":"https://api.github.com/repos/achitwadgi3/snippets/teams","hooks_url":"https://api.github.com/repos/achitwadgi3/snippets/hooks","issue_events_url":"https://api.github.com/repos/achitwadgi3/snippets/issues/events{/number}","events_url":"https://api.github.com/repos/achitwadgi3/snippets/events","assignees_url":"https://api.github.com/repos/achitwadgi3/snippets/assignees{/user}","branches_url":"https://api.github.com/repos/achitwadgi3/snippets/branches{/branch}","tags_url":"https://api.github.com/repos/achitwadgi3/snippets/tags","blobs_url":"https://api.github.com/repos/achitwadgi3/snippets/git/blobs{/sha}","git_tags_url":"https://api.github.com/repos/achitwadgi3/snippets/git/tags{/sha}","git_refs_url":"https://api.github.com/repos/achitwadgi3/snippets/git/refs{/sha}","trees_url":"https://api.github.com/repos/achitwadgi3/snippets/git/trees{/sha}","statuses_url":"https://api.github.com/repos/achitwadgi3/snippets/statuses/{sha}","languages_url":"https://api.github.com/repos/achitwadgi3/snippets/languages","stargazers_url":"https://api.github.com/repos/achitwadgi3/snippets/stargazers","contributors_url":"https://api.github.com/repos/achitwadgi3/snippets/contributors","subscribers_url":"https://api.github.com/repos/achitwadgi3/snippets/subscribers","subscription_url":"https://api.github.com/repos/achitwadgi3/snippets/subscription","commits_url":"https://api.github.com/repos/achitwadgi3/snippets/commits{/sha}","git_commits_url":"https://api.github.com/repos/achitwadgi3/snippets/git/commits{/sha}","comments_url":"https://api.github.com/repos/achitwadgi3/snippets/comments{/number}","issue_comment_url":"https://api.github.com/repos/achitwadgi3/snippets/issues/comments/{number}","contents_url":"https://api.github.com/repos/achitwadgi3/snippets/contents/{+path}","compare_url":"https://api.github.com/repos/achitwadgi3/snippets/compare/{base}...{head}","merges_url":"https://api.github.com/repos/achitwadgi3/snippets/merges","archive_url":"https://api.github.com/repos/achitwadgi3/snippets/{archive_format}{/ref}","downloads_url":"https://api.github.com/repos/achitwadgi3/snippets/downloads","issues_url":"https://api.github.com/repos/achitwadgi3/snippets/issues{/number}","pulls_url":"https://api.github.com/repos/achitwadgi3/snippets/pulls{/number}","milestones_url":"https://api.github.com/repos/achitwadgi3/snippets/milestones{/number}","notifications_url":"https://api.github.com/repos/achitwadgi3/snippets/notifications{?since,all,participating}","labels_url":"https://api.github.com/repos/achitwadgi3/snippets/labels{/name}","releases_url":"https://api.github.com/repos/achitwadgi3/snippets/releases{/id}","created_at":"2014-08-17T21:32:26Z","updated_at":"2014-08-17T21:34:55Z","pushed_at":"2014-08-17T23:11:25Z","git_url":"git://github.com/achitwadgi3/snippets.git","ssh_url":"git@github.com:achitwadgi3/snippets.git","clone_url":"https://github.com/achitwadgi3/snippets.git","svn_url":"https://github.com/achitwadgi3/snippets","homepage":null,"size":0,"stargazers_count":0,"watchers_count":0,"language":"Python","has_issues":true,"has_downloads":true,"has_wiki":true,"forks_count":0,"mirror_url":null,"open_issues_count":0,"forks":0,"open_issues":0,"watchers":0,"default_branch":"master","permissions":{"admin":true,"push":true,"pull":true}},{"id":20948327,"name":"test_repo","full_name":"achitwadgi3/test_repo","owner":{"login":"achitwadgi3","id":6528835,"avatar_url":"https://avatars.githubusercontent.com/u/6528835?v=2","gravatar_id":"4e2d276e9337bac0799773b6e590ca0e","url":"https://api.github.com/users/achitwadgi3","html_url":"https://github.com/achitwadgi3","followers_url":"https://api.github.com/users/achitwadgi3/followers","following_url":"https://api.github.com/users/achitwadgi3/following{/other_user}","gists_url":"https://api.github.com/users/achitwadgi3/gists{/gist_id}","starred_url":"https://api.github.com/users/achitwadgi3/starred{/owner}{/repo}","subscriptions_url":"https://api.github.com/users/achitwadgi3/subscriptions","organizations_url":"https://api.github.com/users/achitwadgi3/orgs","repos_url":"https://api.github.com/users/achitwadgi3/repos","events_url":"https://api.github.com/users/achitwadgi3/events{/privacy}","received_events_url":"https://api.github.com/users/achitwadgi3/received_events","type":"User","site_admin":false},"private":false,"html_url":"https://github.com/achitwadgi3/test_repo","description":"repo for testing purposes","fork":false,"url":"https://api.github.com/repos/achitwadgi3/test_repo","forks_url":"https://api.github.com/repos/achitwadgi3/test_repo/forks","keys_url":"https://api.github.com/repos/achitwadgi3/test_repo/keys{/key_id}","collaborators_url":"https://api.github.com/repos/achitwadgi3/test_repo/collaborators{/collaborator}","teams_url":"https://api.github.com/repos/achitwadgi3/test_repo/teams","hooks_url":"https://api.github.com/repos/achitwadgi3/test_repo/hooks","issue_events_url":"https://api.github.com/repos/achitwadgi3/test_repo/issues/events{/number}","events_url":"https://api.github.com/repos/achitwadgi3/test_repo/events","assignees_url":"https://api.github.com/repos/achitwadgi3/test_repo/assignees{/user}","branches_url":"https://api.github.com/repos/achitwadgi3/test_repo/branches{/branch}","tags_url":"https://api.github.com/repos/achitwadgi3/test_repo/tags","blobs_url":"https://api.github.com/repos/achitwadgi3/test_repo/git/blobs{/sha}","git_tags_url":"https://api.github.com/repos/achitwadgi3/test_repo/git/tags{/sha}","git_refs_url":"https://api.github.com/repos/achitwadgi3/test_repo/git/refs{/sha}","trees_url":"https://api.github.com/repos/achitwadgi3/test_repo/git/trees{/sha}","statuses_url":"https://api.github.com/repos/achitwadgi3/test_repo/statuses/{sha}","languages_url":"https://api.github.com/repos/achitwadgi3/test_repo/languages","stargazers_url":"https://api.github.com/repos/achitwadgi3/test_repo/stargazers","contributors_url":"https://api.github.com/repos/achitwadgi3/test_repo/contributors","subscribers_url":"https://api.github.com/repos/achitwadgi3/test_repo/subscribers","subscription_url":"https://api.github.com/repos/achitwadgi3/test_repo/subscription","commits_url":"https://api.github.com/repos/achitwadgi3/test_repo/commits{/sha}","git_commits_url":"https://api.github.com/repos/achitwadgi3/test_repo/git/commits{/sha}","comments_url":"https://api.github.com/repos/achitwadgi3/test_repo/comments{/number}","issue_comment_url":"https://api.github.com/repos/achitwadgi3/test_repo/issues/comments/{number}","contents_url":"https://api.github.com/repos/achitwadgi3/test_repo/contents/{+path}","compare_url":"https://api.github.com/repos/achitwadgi3/test_repo/compare/{base}...{head}","merges_url":"https://api.github.com/repos/achitwadgi3/test_repo/merges","archive_url":"https://api.github.com/repos/achitwadgi3/test_repo/{archive_format}{/ref}","downloads_url":"https://api.github.com/repos/achitwadgi3/test_repo/downloads","issues_url":"https://api.github.com/repos/achitwadgi3/test_repo/issues{/number}","pulls_url":"https://api.github.com/repos/achitwadgi3/test_repo/pulls{/number}","milestones_url":"https://api.github.com/repos/achitwadgi3/test_repo/milestones{/number}","notifications_url":"https://api.github.com/repos/achitwadgi3/test_repo/notifications{?since,all,participating}","labels_url":"https://api.github.com/repos/achitwadgi3/test_repo/labels{/name}","releases_url":"https://api.github.com/repos/achitwadgi3/test_repo/releases{/id}","created_at":"2014-06-18T03:33:21Z","updated_at":"2014-06-18T03:43:44Z","pushed_at":"2014-06-18T03:43:44Z","git_url":"git://github.com/achitwadgi3/test_repo.git","ssh_url":"git@github.com:achitwadgi3/test_repo.git","clone_url":"https://github.com/achitwadgi3/test_repo.git","svn_url":"https://github.com/achitwadgi3/test_repo","homepage":null,"size":108,"stargazers_count":0,"watchers_count":0,"language":null,"has_issues":true,"has_downloads":true,"has_wiki":true,"forks_count":0,"mirror_url":null,"open_issues_count":0,"forks":0,"open_issues":0,"watchers":0,"default_branch":"master","permissions":{"admin":true,"push":true,"pull":true}}]
2014-08-24 11:55:16,424 DEBUG Retrieving user achitwadgi3 repos
2014-08-24 11:55:16,426 DEBUG In main: get repo for argv[1]
2014-08-24 11:56:29,357 INFO Starting new HTTPS connection (1): api.github.com
2014-08-24 11:56:29,826 DEBUG "GET /users/achitwadgi3/repos HTTP/1.1" 200 None
2014-08-24 11:56:29,841 INFO Retrive user repo
2014-08-24 11:56:29,841 DEBUG https://api.github.com/users/achitwadgi3/repos
2014-08-24 11:56:29,841 DEBUG Retrieving user achitwadgi3 repos
2014-08-24 11:56:29,843 DEBUG In main: get repo for argv[1]
2014-08-24 11:57:21,124 INFO Starting new HTTPS connection (1): api.github.com
2014-08-24 11:57:21,596 DEBUG "GET /users/achitwadgi3/repos HTTP/1.1" 200 None
2014-08-24 11:57:21,597 INFO Retrive user repo
2014-08-24 11:57:21,597 DEBUG https://api.github.com/users/achitwadgi3/repos
2014-08-24 11:57:21,597 DEBUG Retrieving user achitwadgi3 repos
2014-08-24 11:57:21,599 DEBUG In main: get repo for argv[1]
2014-08-24 11:57:24,229 INFO Starting new HTTPS connection (1): api.github.com
2014-08-24 11:57:24,717 DEBUG "GET /users/achitwadgi3/repos HTTP/1.1" 200 None
2014-08-24 11:57:24,718 INFO Retrive user repo
2014-08-24 11:57:24,719 DEBUG https://api.github.com/users/achitwadgi3/repos
2014-08-24 11:57:24,719 DEBUG Retrieving user achitwadgi3 repos
2014-08-24 11:57:24,722 DEBUG In main: get repo for argv[1]
2014-08-24 11:58:06,035 INFO Starting new HTTPS connection (1): api.github.com
2014-08-24 11:58:06,511 DEBUG "GET /users/achitwadgi3/repos HTTP/1.1" 200 None
2014-08-24 11:58:06,514 INFO Retrive user repo
2014-08-24 11:58:06,514 DEBUG https://api.github.com/users/achitwadgi3/repos
2014-08-24 11:58:06,514 DEBUG Retrieving user achitwadgi3 repos
2014-08-24 11:58:06,517 DEBUG In main: get repo for argv[1]
2014-08-24 12:07:05,717 INFO Starting new HTTPS connection (1): api.github.com
2014-08-24 12:07:06,211 DEBUG "GET /users/achitwadgi3/repos HTTP/1.1" 200 None
2014-08-24 12:07:06,211 INFO Retrive user repo
2014-08-24 12:07:06,211 DEBUG https://api.github.com/users/achitwadgi3/repos
2014-08-24 12:07:06,211 DEBUG Retrieving user achitwadgi3 repos
2014-08-24 12:07:06,213 DEBUG In main: get repo for argv[1]
2014-08-24 12:09:29,583 INFO Starting new HTTPS connection (1): api.github.com
2014-08-24 12:09:30,068 DEBUG "GET /users/achitwadgi3/repos HTTP/1.1" 200 None
2014-08-24 12:09:30,070 INFO Retrive user repo
2014-08-24 12:09:30,070 DEBUG https://api.github.com/users/achitwadgi3/repos
2014-08-24 12:09:30,070 DEBUG Retrieving user achitwadgi3 repos
2014-08-24 12:09:30,078 DEBUG In main: get repo for argv[1]
2014-08-24 12:09:55,866 INFO Starting new HTTPS connection (1): api.github.com
2014-08-24 12:09:56,332 DEBUG "GET /users/achitwadgi3/repos HTTP/1.1" 200 None
2014-08-24 12:09:56,334 INFO Retrive user repo
2014-08-24 12:09:56,334 DEBUG https://api.github.com/users/achitwadgi3/repos
2014-08-24 12:09:56,334 DEBUG Retrieving user achitwadgi3 repos
2014-08-24 12:09:56,337 DEBUG In main: get repo for argv[1]
2014-08-24 12:10:21,463 INFO Starting new HTTPS connection (1): api.github.com
2014-08-24 12:10:21,945 DEBUG "GET /users/achitwadgi3/repos HTTP/1.1" 200 None
2014-08-24 12:10:21,946 INFO Retrive user repo
2014-08-24 12:10:21,946 DEBUG https://api.github.com/users/achitwadgi3/repos
2014-08-24 12:10:21,946 DEBUG Retrieving user achitwadgi3 repos
2014-08-24 12:10:21,947 DEBUG In main: get repo for argv[1]
2014-08-24 12:12:24,847 INFO Starting new HTTPS connection (1): api.github.com
2014-08-24 12:12:25,319 DEBUG "GET /users/achitwadgi3/repos HTTP/1.1" 200 None
2014-08-24 12:12:25,320 INFO Retrive user repo
2014-08-24 12:12:25,320 DEBUG https://api.github.com/users/achitwadgi3/repos
2014-08-24 12:12:25,320 DEBUG Retrieving user achitwadgi3 repos
2014-08-24 12:12:25,323 DEBUG In main: get repo for argv[1]
2014-08-24 12:12:36,972 INFO Starting new HTTPS connection (1): api.github.com
2014-08-24 12:12:37,444 DEBUG "GET /users/achitwadgi3/repos HTTP/1.1" 200 None
2014-08-24 12:12:37,445 INFO Retrive user repo
2014-08-24 12:12:37,445 DEBUG https://api.github.com/users/achitwadgi3/repos
2014-08-24 12:12:37,445 DEBUG Retrieving user achitwadgi3 repos
2014-08-24 12:12:37,447 DEBUG In main: get repo for argv[1]
2014-08-24 12:16:29,376 INFO Starting new HTTPS connection (1): api.github.com
2014-08-24 12:16:29,840 DEBUG "GET /users/achitwadgi3/repos HTTP/1.1" 200 None
2014-08-24 12:16:29,841 INFO Retrive user repo
2014-08-24 12:16:29,841 DEBUG https://api.github.com/users/achitwadgi3/repos
2014-08-24 12:16:29,841 DEBUG Retrieving user achitwadgi3 repos
2014-08-24 12:16:29,843 DEBUG In main: get repo for argv[1]
2014-08-24 12:18:15,006 INFO Starting new HTTPS connection (1): api.github.com
2014-08-24 12:18:15,479 DEBUG "GET /users/achitwadgi3/repos HTTP/1.1" 200 None
2014-08-24 12:18:15,480 INFO Retrive user repo
2014-08-24 12:18:15,480 DEBUG https://api.github.com/users/achitwadgi3/repos
2014-08-24 12:18:15,480 DEBUG Retrieving user achitwadgi3 repos
2014-08-24 12:18:15,482 DEBUG In main: get repo for argv[1]
2014-08-24 12:18:39,358 INFO Starting new HTTPS connection (1): api.github.com
2014-08-24 12:18:39,852 DEBUG "GET /users/achitwadgi3/repos HTTP/1.1" 200 None
2014-08-24 12:18:39,854 INFO Retrive user repo
2014-08-24 12:18:39,855 DEBUG https://api.github.com/users/achitwadgi3/repos
2014-08-24 12:18:39,855 DEBUG Retrieving user achitwadgi3 repos
2014-08-24 12:18:39,872 DEBUG In main: get repo for argv[1]
2014-08-24 12:18:58,897 INFO Starting new HTTPS connection (1): api.github.com
2014-08-24 12:18:59,398 DEBUG "GET /users/achitwadgi3/repos HTTP/1.1" 200 None
2014-08-24 12:18:59,398 INFO Retrive user repo
2014-08-24 12:18:59,398 DEBUG https://api.github.com/users/achitwadgi3/repos
2014-08-24 12:18:59,398 DEBUG Retrieving user achitwadgi3 repos
2014-08-24 12:18:59,400 DEBUG In main: get repo for argv[1]
2014-08-24 12:19:35,283 INFO Starting new HTTPS connection (1): api.github.com
2014-08-24 12:19:35,748 DEBUG "GET /users/achitwadgi3/repos HTTP/1.1" 200 None
2014-08-24 12:19:35,749 INFO Retrive user repo
2014-08-24 12:19:35,749 DEBUG https://api.github.com/users/achitwadgi3/repos
2014-08-24 12:19:35,750 DEBUG Retrieving user achitwadgi3 repos
2014-08-24 12:19:35,752 DEBUG In main: get repo for argv[1]
2014-08-24 12:20:05,716 INFO Starting new HTTPS connection (1): api.github.com
2014-08-24 12:20:06,220 DEBUG "GET /users/achitwadgi3/repos HTTP/1.1" 200 None
2014-08-24 12:20:06,220 INFO Retrive user repo
2014-08-24 12:20:06,221 DEBUG https://api.github.com/users/achitwadgi3/repos
2014-08-24 12:20:06,221 DEBUG Retrieving user achitwadgi3 repos
2014-08-24 12:20:06,222 DEBUG In main: get repo for argv[1]
2014-08-24 12:20:06,224 DEBUG https://api.github.com/repos/achitwadgi3/fizzbuzz/languages
2014-08-24 12:20:45,918 INFO Starting new HTTPS connection (1): api.github.com
2014-08-24 12:20:46,397 DEBUG "GET /users/achitwadgi3/repos HTTP/1.1" 200 None
2014-08-24 12:20:46,400 INFO Retrive user repo
2014-08-24 12:20:46,405 DEBUG https://api.github.com/users/achitwadgi3/repos
2014-08-24 12:20:46,405 DEBUG Retrieving user achitwadgi3 repos
2014-08-24 12:20:46,410 DEBUG In main: get repo for argv[1]
2014-08-24 12:20:46,441 INFO Starting new HTTPS connection (1): api.github.com
2014-08-24 12:20:46,909 DEBUG "GET /repos/achitwadgi3/fizzbuzz/languages HTTP/1.1" 200 14
2014-08-24 12:20:46,911 INFO Starting new HTTPS connection (1): api.github.com
2014-08-24 12:20:47,417 DEBUG "GET /repos/achitwadgi3/snippets/languages HTTP/1.1" 200 15
2014-08-24 12:20:47,421 INFO Starting new HTTPS connection (1): api.github.com
2014-08-24 12:20:47,867 DEBUG "GET /repos/achitwadgi3/test_repo/languages HTTP/1.1" 200 2
2014-08-24 12:21:17,991 INFO Starting new HTTPS connection (1): api.github.com
2014-08-24 12:21:18,460 DEBUG "GET /users/achitwadgi3/repos HTTP/1.1" 200 None
2014-08-24 12:21:18,461 INFO Retrive user repo
2014-08-24 12:21:18,461 DEBUG https://api.github.com/users/achitwadgi3/repos
2014-08-24 12:21:18,461 DEBUG Retrieving user achitwadgi3 repos
2014-08-24 12:21:18,462 DEBUG In main: get repo for argv[1]
2014-08-24 12:21:18,467 INFO Starting new HTTPS connection (1): api.github.com
2014-08-24 12:21:18,921 DEBUG "GET /repos/achitwadgi3/fizzbuzz/languages HTTP/1.1" 200 14
2014-08-24 12:21:18,923 INFO Starting new HTTPS connection (1): api.github.com
2014-08-24 12:21:19,400 DEBUG "GET /repos/achitwadgi3/snippets/languages HTTP/1.1" 200 15
2014-08-24 12:21:19,403 INFO Starting new HTTPS connection (1): api.github.com
2014-08-24 12:21:19,893 DEBUG "GET /repos/achitwadgi3/test_repo/languages HTTP/1.1" 200 2
2014-08-24 12:21:50,579 INFO Starting new HTTPS connection (1): api.github.com
2014-08-24 12:21:51,041 DEBUG "GET /users/achitwadgi3/repos HTTP/1.1" 200 None
2014-08-24 12:21:51,043 INFO Retrive user repo
2014-08-24 12:21:51,043 DEBUG https://api.github.com/users/achitwadgi3/repos
2014-08-24 12:21:51,043 DEBUG Retrieving user achitwadgi3 repos
2014-08-24 12:21:51,049 DEBUG In main: get repo for argv[1]
2014-08-24 12:21:51,050 DEBUG https://api.github.com/repos/achitwadgi3/fizzbuzz/languages
2014-08-24 12:21:51,050 INFO Starting new HTTPS connection (1): api.github.com
2014-08-24 12:21:51,519 DEBUG "GET /repos/achitwadgi3/fizzbuzz/languages HTTP/1.1" 200 14
2014-08-24 12:21:51,520 DEBUG https://api.github.com/repos/achitwadgi3/snippets/languages
2014-08-24 12:21:51,520 INFO Starting new HTTPS connection (1): api.github.com
2014-08-24 12:21:51,981 DEBUG "GET /repos/achitwadgi3/snippets/languages HTTP/1.1" 200 15
2014-08-24 12:21:51,984 DEBUG https://api.github.com/repos/achitwadgi3/test_repo/languages
2014-08-24 12:21:51,985 INFO Starting new HTTPS connection (1): api.github.com
2014-08-24 12:21:52,454 DEBUG "GET /repos/achitwadgi3/test_repo/languages HTTP/1.1" 200 2
2014-08-24 12:22:11,066 INFO Starting new HTTPS connection (1): api.github.com
2014-08-24 12:22:11,531 DEBUG "GET /users/achitwadgi3/repos HTTP/1.1" 200 None
2014-08-24 12:22:11,532 INFO Retrive user repo
2014-08-24 12:22:11,532 DEBUG https://api.github.com/users/achitwadgi3/repos
2014-08-24 12:22:11,532 DEBUG Retrieving user achitwadgi3 repos
2014-08-24 12:22:11,534 DEBUG In main: get repo for argv[1]
2014-08-24 12:22:11,536 DEBUG https://api.github.com/repos/achitwadgi3/fizzbuzz/languages
2014-08-24 12:22:11,538 INFO Starting new HTTPS connection (1): api.github.com
2014-08-24 12:22:11,997 DEBUG "GET /repos/achitwadgi3/fizzbuzz/languages HTTP/1.1" 200 14
2014-08-24 12:22:11,998 DEBUG https://api.github.com/repos/achitwadgi3/snippets/languages
2014-08-24 12:22:11,999 INFO Starting new HTTPS connection (1): api.github.com
2014-08-24 12:22:12,450 DEBUG "GET /repos/achitwadgi3/snippets/languages HTTP/1.1" 200 15
2014-08-24 12:22:12,452 DEBUG https://api.github.com/repos/achitwadgi3/test_repo/languages
2014-08-24 12:22:12,454 INFO Starting new HTTPS connection (1): api.github.com
2014-08-24 12:22:12,905 DEBUG "GET /repos/achitwadgi3/test_repo/languages HTTP/1.1" 200 2
2014-08-24 12:23:01,690 INFO Starting new HTTPS connection (1): api.github.com
2014-08-24 12:23:02,173 DEBUG "GET /users/achitwadgi3/repos HTTP/1.1" 200 None
2014-08-24 12:23:02,174 INFO Retrive user repo
2014-08-24 12:23:02,174 DEBUG https://api.github.com/users/achitwadgi3/repos
2014-08-24 12:23:02,174 DEBUG Retrieving user achitwadgi3 repos
2014-08-24 12:23:02,176 DEBUG In main: get repo for argv[1]
2014-08-24 12:23:02,178 DEBUG https://api.github.com/repos/achitwadgi3/fizzbuzz/languages
2014-08-24 12:23:02,184 INFO Starting new HTTPS connection (1): api.github.com
2014-08-24 12:23:02,639 DEBUG "GET /repos/achitwadgi3/fizzbuzz/languages HTTP/1.1" 200 14
2014-08-24 12:23:02,640 DEBUG https://api.github.com/repos/achitwadgi3/snippets/languages
2014-08-24 12:23:02,641 INFO Starting new HTTPS connection (1): api.github.com
2014-08-24 12:23:03,126 DEBUG "GET /repos/achitwadgi3/snippets/languages HTTP/1.1" 200 15
2014-08-24 12:23:03,128 DEBUG https://api.github.com/repos/achitwadgi3/test_repo/languages
2014-08-24 12:23:03,130 INFO Starting new HTTPS connection (1): api.github.com
2014-08-24 12:23:03,610 DEBUG "GET /repos/achitwadgi3/test_repo/languages HTTP/1.1" 200 2
2014-08-24 12:24:24,513 INFO Starting new HTTPS connection (1): api.github.com
2014-08-24 12:24:25,091 DEBUG "GET /users/achitwadgi3/repos HTTP/1.1" 200 None
2014-08-24 12:24:25,092 INFO Retrive user repo
2014-08-24 12:24:25,092 DEBUG https://api.github.com/users/achitwadgi3/repos
2014-08-24 12:24:25,092 DEBUG Retrieving user achitwadgi3 repos
2014-08-24 12:24:25,095 DEBUG In main: get repo for argv[1]
2014-08-24 12:24:25,095 DEBUG IN GET_LANG_URL: https://api.github.com/repos/achitwadgi3/fizzbuzz/languages
2014-08-24 12:24:25,096 INFO Starting new HTTPS connection (1): api.github.com
2014-08-24 12:24:25,604 DEBUG "GET /repos/achitwadgi3/fizzbuzz/languages HTTP/1.1" 200 14
2014-08-24 12:24:25,604 DEBUG IN GET_LANG_URL: https://api.github.com/repos/achitwadgi3/snippets/languages
2014-08-24 12:24:25,605 INFO Starting new HTTPS connection (1): api.github.com
2014-08-24 12:24:26,061 DEBUG "GET /repos/achitwadgi3/snippets/languages HTTP/1.1" 200 15
2014-08-24 12:24:26,065 DEBUG IN GET_LANG_URL: https://api.github.com/repos/achitwadgi3/test_repo/languages
2014-08-24 12:24:26,066 INFO Starting new HTTPS connection (1): api.github.com
2014-08-24 12:24:26,537 DEBUG "GET /repos/achitwadgi3/test_repo/languages HTTP/1.1" 200 2
2014-08-24 15:37:43,127 INFO Starting new HTTPS connection (1): api.github.com
2014-08-24 15:37:43,614 DEBUG "GET /users/achitwadgi3/repos HTTP/1.1" 200 None
2014-08-24 15:37:43,615 INFO Retrive user repo
2014-08-24 15:37:43,616 DEBUG https://api.github.com/users/achitwadgi3/repos
2014-08-24 15:37:43,616 DEBUG Retrieving user achitwadgi3 repos
2014-08-24 15:37:43,618 DEBUG In main: get repo for argv[1]
2014-08-24 15:37:43,618 DEBUG IN GET_LANG_URL: https://api.github.com/repos/achitwadgi3/fizzbuzz/languages
2014-08-24 15:37:43,620 INFO Starting new HTTPS connection (1): api.github.com
2014-08-24 15:37:44,073 DEBUG "GET /repos/achitwadgi3/fizzbuzz/languages HTTP/1.1" 200 14
2014-08-24 15:37:44,074 DEBUG IN GET_LANG_URL: https://api.github.com/repos/achitwadgi3/gitlang/languages
2014-08-24 15:37:44,075 INFO Starting new HTTPS connection (1): api.github.com
2014-08-24 15:37:44,528 DEBUG "GET /repos/achitwadgi3/gitlang/languages HTTP/1.1" 200 15
2014-08-24 15:37:44,531 DEBUG IN GET_LANG_URL: https://api.github.com/repos/achitwadgi3/snippets/languages
2014-08-24 15:37:44,532 INFO Starting new HTTPS connection (1): api.github.com
2014-08-24 15:37:44,988 DEBUG "GET /repos/achitwadgi3/snippets/languages HTTP/1.1" 200 15
2014-08-24 15:37:44,990 DEBUG IN GET_LANG_URL: https://api.github.com/repos/achitwadgi3/test_repo/languages
2014-08-24 15:37:44,991 INFO Starting new HTTPS connection (1): api.github.com
2014-08-24 15:37:45,453 DEBUG "GET /repos/achitwadgi3/test_repo/languages HTTP/1.1" 200 2
2014-08-24 15:44:15,554 INFO Starting new HTTPS connection (1): api.github.com
2014-08-24 15:44:16,023 DEBUG "GET /users/achitwadgi3/repos HTTP/1.1" 200 None
2014-08-24 15:44:16,024 INFO Retrive user repo
2014-08-24 15:44:16,024 DEBUG https://api.github.com/users/achitwadgi3/repos
2014-08-24 15:44:16,024 DEBUG Retrieving user achitwadgi3 repos
2014-08-24 15:44:16,027 DEBUG In main: get repo for argv[1]
2014-08-24 15:44:16,027 DEBUG IN GET_LANG_URL: https://api.github.com/repos/achitwadgi3/fizzbuzz/languages
2014-08-24 15:44:16,029 INFO Starting new HTTPS connection (1): api.github.com
2014-08-24 15:44:16,490 DEBUG "GET /repos/achitwadgi3/fizzbuzz/languages HTTP/1.1" 200 14
2014-08-24 15:44:16,491 DEBUG IN GET_LANG_URL: https://api.github.com/repos/achitwadgi3/gitlang/languages
2014-08-24 15:44:16,492 INFO Starting new HTTPS connection (1): api.github.com
2014-08-24 15:44:16,965 DEBUG "GET /repos/achitwadgi3/gitlang/languages HTTP/1.1" 200 15
2014-08-24 15:44:16,967 DEBUG IN GET_LANG_URL: https://api.github.com/repos/achitwadgi3/snippets/languages
2014-08-24 15:44:16,969 INFO Starting new HTTPS connection (1): api.github.com
2014-08-24 15:44:17,433 DEBUG "GET /repos/achitwadgi3/snippets/languages HTTP/1.1" 200 15
2014-08-24 15:44:17,436 DEBUG IN GET_LANG_URL: https://api.github.com/repos/achitwadgi3/test_repo/languages
2014-08-24 15:44:17,437 INFO Starting new HTTPS connection (1): api.github.com
2014-08-24 15:44:17,903 DEBUG "GET /repos/achitwadgi3/test_repo/languages HTTP/1.1" 200 2
2014-08-24 15:45:03,110 INFO Starting new HTTPS connection (1): api.github.com
2014-08-24 15:45:03,601 DEBUG "GET /users/achitwadgi3/repos HTTP/1.1" 200 None
2014-08-24 15:45:03,602 INFO Retrive user repo
2014-08-24 15:45:03,602 DEBUG https://api.github.com/users/achitwadgi3/repos
2014-08-24 15:45:03,602 DEBUG Retrieving user achitwadgi3 repos
2014-08-24 15:45:03,609 DEBUG In main: get repo for argv[1]
2014-08-24 15:45:03,609 DEBUG IN GET_LANG_URL: https://api.github.com/repos/achitwadgi3/fizzbuzz/languages
2014-08-24 15:45:03,610 INFO Starting new HTTPS connection (1): api.github.com
2014-08-24 15:45:04,057 DEBUG "GET /repos/achitwadgi3/fizzbuzz/languages HTTP/1.1" 200 14
2014-08-24 15:45:04,058 DEBUG IN GET_LANG_URL: https://api.github.com/repos/achitwadgi3/gitlang/languages
2014-08-24 15:45:04,059 INFO Starting new HTTPS connection (1): api.github.com
2014-08-24 15:45:04,536 DEBUG "GET /repos/achitwadgi3/gitlang/languages HTTP/1.1" 200 15
2014-08-24 15:45:04,539 DEBUG IN GET_LANG_URL: https://api.github.com/repos/achitwadgi3/snippets/languages
2014-08-24 15:45:04,541 INFO Starting new HTTPS connection (1): api.github.com
2014-08-24 15:45:05,027 DEBUG "GET /repos/achitwadgi3/snippets/languages HTTP/1.1" 200 15
2014-08-24 15:45:05,030 DEBUG IN GET_LANG_URL: https://api.github.com/repos/achitwadgi3/test_repo/languages
2014-08-24 15:45:05,031 INFO Starting new HTTPS connection (1): api.github.com
2014-08-24 15:45:05,518 DEBUG "GET /repos/achitwadgi3/test_repo/languages HTTP/1.1" 200 2
2014-08-24 15:48:06,944 INFO Starting new HTTPS connection (1): api.github.com
2014-08-24 15:48:07,442 DEBUG "GET /users/achitwadgi3/repos HTTP/1.1" 200 None
2014-08-24 15:48:07,443 INFO Retrive user repo
2014-08-24 15:48:07,443 DEBUG https://api.github.com/users/achitwadgi3/repos
2014-08-24 15:48:07,443 DEBUG Retrieving user achitwadgi3 repos
2014-08-24 15:48:07,445 DEBUG In main: get repo for argv[1]
2014-08-24 15:48:07,448 DEBUG IN GET_LANG_URL: https://api.github.com/repos/achitwadgi3/fizzbuzz/languages
2014-08-24 15:48:07,449 INFO Starting new HTTPS connection (1): api.github.com
2014-08-24 15:48:07,912 DEBUG "GET /repos/achitwadgi3/fizzbuzz/languages HTTP/1.1" 200 14
2014-08-24 15:48:07,913 DEBUG IN GET_LANG_URL: https://api.github.com/repos/achitwadgi3/gitlang/languages
2014-08-24 15:48:07,914 INFO Starting new HTTPS connection (1): api.github.com
2014-08-24 15:48:08,379 DEBUG "GET /repos/achitwadgi3/gitlang/languages HTTP/1.1" 200 15
2014-08-24 15:48:08,383 DEBUG IN GET_LANG_URL: https://api.github.com/repos/achitwadgi3/snippets/languages
2014-08-24 15:48:08,384 INFO Starting new HTTPS connection (1): api.github.com
2014-08-24 15:48:08,851 DEBUG "GET /repos/achitwadgi3/snippets/languages HTTP/1.1" 200 15
2014-08-24 15:48:08,854 DEBUG IN GET_LANG_URL: https://api.github.com/repos/achitwadgi3/test_repo/languages
2014-08-24 15:48:08,855 INFO Starting new HTTPS connection (1): api.github.com
2014-08-24 15:48:09,338 DEBUG "GET /repos/achitwadgi3/test_repo/languages HTTP/1.1" 200 2
2014-08-24 15:53:04,999 INFO Starting new HTTPS connection (1): api.github.com
2014-08-24 15:53:05,482 DEBUG "GET /users/achitwadgi3/repos HTTP/1.1" 200 None
2014-08-24 15:53:05,483 INFO Retrive user repo
2014-08-24 15:53:05,483 DEBUG https://api.github.com/users/achitwadgi3/repos
2014-08-24 15:53:05,483 DEBUG Retrieving user achitwadgi3 repos
2014-08-24 15:53:05,485 DEBUG In main: get repo for argv[1]
2014-08-24 15:53:05,487 DEBUG IN GET_LANG_URL: https://api.github.com/repos/achitwadgi3/fizzbuzz/languages
2014-08-24 15:53:05,488 INFO Starting new HTTPS connection (1): api.github.com
2014-08-24 15:53:05,989 DEBUG "GET /repos/achitwadgi3/fizzbuzz/languages HTTP/1.1" 200 14
2014-08-24 15:53:05,990 DEBUG IN GET_LANG_URL: https://api.github.com/repos/achitwadgi3/gitlang/languages
2014-08-24 15:53:05,991 INFO Starting new HTTPS connection (1): api.github.com
2014-08-24 15:53:06,471 DEBUG "GET /repos/achitwadgi3/gitlang/languages HTTP/1.1" 200 15
2014-08-24 15:53:06,474 DEBUG IN GET_LANG_URL: https://api.github.com/repos/achitwadgi3/snippets/languages
2014-08-24 15:53:06,474 INFO Starting new HTTPS connection (1): api.github.com
2014-08-24 15:53:06,922 DEBUG "GET /repos/achitwadgi3/snippets/languages HTTP/1.1" 200 15
2014-08-24 15:53:06,925 DEBUG IN GET_LANG_URL: https://api.github.com/repos/achitwadgi3/test_repo/languages
2014-08-24 15:53:06,926 INFO Starting new HTTPS connection (1): api.github.com
2014-08-24 15:53:07,422 DEBUG "GET /repos/achitwadgi3/test_repo/languages HTTP/1.1" 200 2
2014-08-24 15:53:16,728 INFO Starting new HTTPS connection (1): api.github.com
2014-08-24 15:53:17,229 DEBUG "GET /users/achitwadgi3/repos HTTP/1.1" 200 None
2014-08-24 15:53:17,230 INFO Retrive user repo
2014-08-24 15:53:17,230 DEBUG https://api.github.com/users/achitwadgi3/repos
2014-08-24 15:53:17,230 DEBUG Retrieving user achitwadgi3 repos
2014-08-24 15:53:17,232 DEBUG In main: get repo for argv[1]
2014-08-24 15:53:17,232 DEBUG IN GET_LANG_URL: https://api.github.com/repos/achitwadgi3/fizzbuzz/languages
2014-08-24 15:53:17,233 INFO Starting new HTTPS connection (1): api.github.com
2014-08-24 15:53:17,696 DEBUG "GET /repos/achitwadgi3/fizzbuzz/languages HTTP/1.1" 200 14
2014-08-24 15:53:17,697 DEBUG IN GET_LANG_URL: https://api.github.com/repos/achitwadgi3/gitlang/languages
2014-08-24 15:53:17,698 INFO Starting new HTTPS connection (1): api.github.com
2014-08-24 15:53:18,152 DEBUG "GET /repos/achitwadgi3/gitlang/languages HTTP/1.1" 200 15
2014-08-24 15:53:18,155 DEBUG IN GET_LANG_URL: https://api.github.com/repos/achitwadgi3/snippets/languages
2014-08-24 15:53:18,158 INFO Starting new HTTPS connection (1): api.github.com
2014-08-24 15:53:18,634 DEBUG "GET /repos/achitwadgi3/snippets/languages HTTP/1.1" 200 15
2014-08-24 15:53:18,637 DEBUG IN GET_LANG_URL: https://api.github.com/repos/achitwadgi3/test_repo/languages
2014-08-24 15:53:18,638 INFO Starting new HTTPS connection (1): api.github.com
2014-08-24 15:53:19,115 DEBUG "GET /repos/achitwadgi3/test_repo/languages HTTP/1.1" 200 2
2014-08-24 15:56:05,472 INFO Starting new HTTPS connection (1): api.github.com
2014-08-24 15:56:06,041 DEBUG "GET /users/achitwadgi3/repos HTTP/1.1" 200 None
2014-08-24 15:56:06,042 INFO Retrive user repo
2014-08-24 15:56:06,042 DEBUG https://api.github.com/users/achitwadgi3/repos
2014-08-24 15:56:06,042 DEBUG Retrieving user achitwadgi3 repos
2014-08-24 15:56:06,044 DEBUG In main: get repo for argv[1]
2014-08-24 15:56:06,044 DEBUG IN GET_LANG_URL: https://api.github.com/repos/achitwadgi3/fizzbuzz/languages
2014-08-24 15:56:06,045 INFO Starting new HTTPS connection (1): api.github.com
2014-08-24 15:56:06,510 DEBUG "GET /repos/achitwadgi3/fizzbuzz/languages HTTP/1.1" 200 14
2014-08-24 15:56:06,511 DEBUG IN GET_LANG_URL: https://api.github.com/repos/achitwadgi3/gitlang/languages
2014-08-24 15:56:06,513 INFO Starting new HTTPS connection (1): api.github.com
2014-08-24 15:56:06,960 DEBUG "GET /repos/achitwadgi3/gitlang/languages HTTP/1.1" 200 15
2014-08-24 15:56:06,963 DEBUG IN GET_LANG_URL: https://api.github.com/repos/achitwadgi3/snippets/languages
2014-08-24 15:56:06,963 INFO Starting new HTTPS connection (1): api.github.com
2014-08-24 15:56:07,791 DEBUG "GET /repos/achitwadgi3/snippets/languages HTTP/1.1" 200 15
2014-08-24 15:56:07,794 DEBUG IN GET_LANG_URL: https://api.github.com/repos/achitwadgi3/test_repo/languages
2014-08-24 15:56:07,795 INFO Starting new HTTPS connection (1): api.github.com
2014-08-24 15:56:08,256 DEBUG "GET /repos/achitwadgi3/test_repo/languages HTTP/1.1" 200 2
